2016-03-21 14:50:48,668:INFO    :root                :MainThread     : Root log configured. (boot.configure_logger() @476)
2016-03-21 14:50:48,747:INFO    :pelix.shell.core    :MainThread     : Shell services registered (core.start() @813)
2016-03-21 14:50:48,754:INFO    :pelix.shell.remote  :MainThread     : RemoteShell validated on port: 50429 (remote.validate() @373)
2016-03-21 14:50:48,754:INFO    :cohorte.debug.servlet:MainThread     : Debug servlet Ready (servlet.validate() @365)
2016-03-21 14:50:48,761:INFO    :pelix-http-service  :MainThread     : Starting HTTP server: [::]:10000 ... (basic.log() @792)
2016-03-21 14:50:48,765:INFO    :pelix-http-service  :MainThread     : HTTP server started: [::]:10000 (basic.log() @792)
2016-03-21 14:50:48,770:INFO    :herald.core         :Herald-Bind    : No peer in group all (core.fire_group() @706)
2016-03-21 14:50:48,771:INFO    :debug.agent         :Herald-Bind    : Debug agent Ready (agent.validate() @490)
2016-03-21 14:50:48,773:INFO    :cohorte.monitor.agent:Herald-Bind    : Isolate agent validated (agent.validate() @152)
2016-03-21 14:50:48,782:INFO    :cohorte.monitor.agent:Herald-Bind    : Monitors notified of isolate readiness (agent.peer_registered() @126)
2016-03-21 14:50:48,790:INFO    :cohorte.monitor.agent:HttpService-10000-Client-('::ffff:192.168.43.38', 45131, 0, 0): Monitors notified of isolate readiness (agent.peer_registered() @126)
2016-03-21 14:50:48,807:INFO    :aggregator.aggregator:HeraldNotify-0 : Component Aggregator validated (aggregator.validate() @203)
2016-03-21 14:50:48,839:INFO    :aggregator_ui.aggregator_ui:HeraldNotify-0 : Component UserInterface validated (aggregator_ui.validate() @178)
2016-03-21 14:50:48,840:INFO    :sensor_list.sensor_list:HeraldNotify-0 : Component UserInterfaceList validated (sensor_list.validate() @148)
2016-03-21 14:55:42,897:WARNING :cohorte.monitor.agent:monitor-agent-stop: >>> Isolate will stop <<< (agent.stop() @102)
2016-03-21 14:55:43,262:WARNING :cohorte.monitor.agent:monitor-agent-stop: >>> STOPPING isolate <<< (agent.stop() @107)
2016-03-21 14:55:43,306:INFO    :aggregator.aggregator:monitor-agent-stop: Component Aggregator invalidated (aggregator.invalidate() @218)
2016-03-21 14:55:43,307:INFO    :aggregator_ui.aggregator_ui:monitor-agent-stop: Component UserInterface invalidated (aggregator_ui.invalidate() @189)
2016-03-21 14:55:43,307:INFO    :sensor_list.sensor_list:monitor-agent-stop: Component UserInterfaceList invalidated (sensor_list.invalidate() @159)
2016-03-21 14:55:43,340:INFO    :cohorte.monitor.agent:monitor-agent-stop: Isolate agent invalidated (agent.invalidate() @169)
2016-03-21 14:55:44,205:INFO    :debug.agent         :Herald-Unbind  : Debug agent Gone (agent.invalidate() @501)
2016-03-21 14:55:44,269:INFO    :pelix-http-service  :monitor-agent-stop: Shutting down HTTP server: [::]:10000 ... (basic.log() @792)
2016-03-21 14:55:44,452:INFO    :pelix-http-service  :monitor-agent-stop: Waiting HTTP server ([::]:10000) thread to stop... (basic.log() @792)
2016-03-21 14:55:44,452:INFO    :pelix-http-service  :monitor-agent-stop: HTTP server down: [::]:10000 ... (basic.log() @792)
2016-03-21 14:55:44,454:INFO    :cohorte.debug.servlet:monitor-agent-stop: Debug servlet Gone (servlet.invalidate() @376)
2016-03-21 14:55:44,590:INFO    :pelix.shell.remote  :monitor-agent-stop: RemoteShell gone from port: 50429 (remote.invalidate() @390)
2016-03-21 14:55:44,591:INFO    :pelix.shell.core    :monitor-agent-stop: Shell services unregistered (core.stop() @838)
