2016-04-04 17:11:43,580:INFO    :root                :MainThread     : Root log configured. (boot.configure_logger() @476)
2016-04-04 17:11:43,748:INFO    :pelix.shell.core    :MainThread     : Shell services registered (core.start() @813)
2016-04-04 17:11:43,771:INFO    :pelix.shell.remote  :MainThread     : RemoteShell validated on port: 59357 (remote.validate() @373)
2016-04-04 17:11:43,772:INFO    :cohorte.debug.servlet:MainThread     : Debug servlet Ready (servlet.validate() @365)
2016-04-04 17:11:43,793:INFO    :pelix-http-service  :MainThread     : Starting HTTP server: [0.0.0.0]:10000 ... (basic.log() @792)
2016-04-04 17:11:43,798:INFO    :pelix-http-service  :MainThread     : HTTP server started: [0.0.0.0]:10000 (basic.log() @792)
2016-04-04 17:11:43,803:INFO    :herald.core         :Herald-Bind    : No peer in group all (core.fire_group() @706)
2016-04-04 17:11:43,804:INFO    :debug.agent         :Herald-Bind    : Debug agent Ready (agent.validate() @490)
2016-04-04 17:11:43,806:INFO    :cohorte.monitor.agent:Herald-Bind    : Isolate agent validated (agent.validate() @152)
2016-04-04 17:11:44,404:INFO    :cohorte.monitor.agent:HttpService-10000-Client-('172.20.10.4', 51288): Monitors notified of isolate readiness (agent.peer_registered() @126)
2016-04-04 17:11:44,464:INFO    :interfaceutilisateur-factory.interfaceutilisateur:HeraldNotify-0 : Component interfaceutilisateur validated (interfaceutilisateur.validate() @262)
2016-04-04 17:11:44,465:INFO    :root                :HeraldNotify-0 : Creation de la table mesures (serveur.start() @17)
2016-04-04 17:11:45,021:INFO    :apirest-factory.apirest:HeraldNotify-0 : Component apirest validated (apirest.validate() @181)
2016-04-04 17:12:38,141:ERROR   :pelix-http-service  :HttpService-10000-Client-('127.0.0.1', 45870): Error handling request upon: /pythonsensor
Traceback (most recent call last):
  File "/opt/isandlatech/cohorte/cohorte-1.1.1/repo/pelix/http/basic.py", line 262, in wrapper
    return getattr(servlet, name)(request, response)
  File "/home/thibaut/noug/4_eme_annee/Projet/Tachymetre/serveur-node/repo/interfaceutilisateur-factory/interfaceutilisateur.py", line 245, in do_GET
    output += self._make_histo()
  File "/home/thibaut/noug/4_eme_annee/Projet/Tachymetre/serveur-node/repo/interfaceutilisateur-factory/interfaceutilisateur.py", line 51, in _make_histo
    min = round(min_data[0][0],0)
TypeError: a float is required

 (basic.log() @792)
2016-04-04 17:13:06,503:INFO    :root                :HeraldNotify-8 : Donnees aggregator : 2016-04-04 17:12:16 / 6.1094376994 / 5.39458975976 / A (aggregator.get_donnees_elaborees() @29)
2016-04-04 17:13:06,504:INFO    :root                :HeraldNotify-8 : Donnees aggregator : 2016-04-04 17:12:16 / 6.1094376994 / 5.39458975976 / A (aggregator.send_donnees_elaborees() @34)
2016-04-04 17:13:06,504:INFO    :root                :HeraldNotify-8 : Store de : 2016-04-04 17:12:16 / 6.1094376994 / 5.39458975976 / A (serveur.store_donnees_elaborees() @37)
2016-04-04 17:13:09,915:INFO    :root                :HeraldNotify-9 : Donnees aggregator : 2016-04-04 17:13:08 / 5.59845882035 / 5.48585224826 / A (aggregator.get_donnees_elaborees() @29)
2016-04-04 17:13:09,916:INFO    :root                :HeraldNotify-9 : Donnees aggregator : 2016-04-04 17:13:08 / 5.59845882035 / 5.48585224826 / A (aggregator.send_donnees_elaborees() @34)
2016-04-04 17:13:09,916:INFO    :root                :HeraldNotify-9 : Store de : 2016-04-04 17:13:08 / 5.59845882035 / 5.48585224826 / A (serveur.store_donnees_elaborees() @37)
2016-04-04 17:13:13,384:INFO    :root                :HeraldNotify-10: Donnees aggregator : 2016-04-04 17:13:11 / 5.47097968213 / 5.40750569455 / R (aggregator.get_donnees_elaborees() @29)
2016-04-04 17:13:13,384:INFO    :root                :HeraldNotify-10: Donnees aggregator : 2016-04-04 17:13:11 / 5.47097968213 / 5.40750569455 / R (aggregator.send_donnees_elaborees() @34)
2016-04-04 17:13:13,384:INFO    :root                :HeraldNotify-10: Store de : 2016-04-04 17:13:11 / 5.47097968213 / 5.40750569455 / R (serveur.store_donnees_elaborees() @37)
2016-04-04 17:13:55,052:INFO    :root                :HeraldNotify-10: Donnees aggregator : 2016-04-04 17:13:14 / 6.2794098837 / 5.48247936272 / A (aggregator.get_donnees_elaborees() @29)
2016-04-04 17:13:55,052:INFO    :root                :HeraldNotify-10: Donnees aggregator : 2016-04-04 17:13:14 / 6.2794098837 / 5.48247936272 / A (aggregator.send_donnees_elaborees() @34)
2016-04-04 17:13:55,052:INFO    :root                :HeraldNotify-10: Store de : 2016-04-04 17:13:14 / 6.2794098837 / 5.48247936272 / A (serveur.store_donnees_elaborees() @37)
2016-04-04 17:13:55,121:ERROR   :apirest-factory.apirest:Thread-1       : Error retrieving sensor data: Recursive use of cursors not allowed. (apirest._poll() @104)
2016-04-04 17:14:15,563:INFO    :root                :HeraldNotify-11: Donnees aggregator : 2016-04-04 17:13:56 / 5.7827724077 / 5.40268329294 / A (aggregator.get_donnees_elaborees() @29)
2016-04-04 17:14:15,564:INFO    :root                :HeraldNotify-11: Donnees aggregator : 2016-04-04 17:13:56 / 5.7827724077 / 5.40268329294 / A (aggregator.send_donnees_elaborees() @34)
2016-04-04 17:14:15,565:INFO    :root                :HeraldNotify-11: Store de : 2016-04-04 17:13:56 / 5.7827724077 / 5.40268329294 / A (serveur.store_donnees_elaborees() @37)
2016-04-04 17:14:30,962:INFO    :root                :HeraldNotify-12: Donnees aggregator : 2016-04-04 17:14:20 / 5.59314718959 / 5.25888626591 / A (aggregator.get_donnees_elaborees() @29)
2016-04-04 17:14:30,963:INFO    :root                :HeraldNotify-12: Donnees aggregator : 2016-04-04 17:14:20 / 5.59314718959 / 5.25888626591 / A (aggregator.send_donnees_elaborees() @34)
2016-04-04 17:14:30,964:INFO    :root                :HeraldNotify-12: Store de : 2016-04-04 17:14:20 / 5.59314718959 / 5.25888626591 / A (serveur.store_donnees_elaborees() @37)
2016-04-04 17:14:33,327:INFO    :root                :HeraldNotify-13: Donnees aggregator : 2016-04-04 17:14:32 / 5.74824680777 / 5.74824680777 / R (aggregator.get_donnees_elaborees() @29)
2016-04-04 17:14:33,327:INFO    :root                :HeraldNotify-13: Donnees aggregator : 2016-04-04 17:14:32 / 5.74824680777 / 5.74824680777 / R (aggregator.send_donnees_elaborees() @34)
2016-04-04 17:14:33,327:INFO    :root                :HeraldNotify-13: Store de : 2016-04-04 17:14:32 / 5.74824680777 / 5.74824680777 / R (serveur.store_donnees_elaborees() @37)
2016-04-04 17:14:37,804:INFO    :root                :HeraldNotify-18: Donnees aggregator : 2016-04-04 17:14:34 / 5.37271451308 / 5.28365617068 / R (aggregator.get_donnees_elaborees() @29)
2016-04-04 17:14:37,805:INFO    :root                :HeraldNotify-18: Donnees aggregator : 2016-04-04 17:14:34 / 5.37271451308 / 5.28365617068 / R (aggregator.send_donnees_elaborees() @34)
2016-04-04 17:14:37,806:INFO    :root                :HeraldNotify-18: Store de : 2016-04-04 17:14:34 / 5.37271451308 / 5.28365617068 / R (serveur.store_donnees_elaborees() @37)
2016-04-04 17:14:43,186:INFO    :root                :HeraldNotify-20: Donnees aggregator : 2016-04-04 17:14:39 / 6.10837537325 / 5.47974387288 / R (aggregator.get_donnees_elaborees() @29)
2016-04-04 17:14:43,186:INFO    :root                :HeraldNotify-20: Donnees aggregator : 2016-04-04 17:14:39 / 6.10837537325 / 5.47974387288 / R (aggregator.send_donnees_elaborees() @34)
2016-04-04 17:14:43,187:INFO    :root                :HeraldNotify-20: Store de : 2016-04-04 17:14:39 / 6.10837537325 / 5.47974387288 / R (serveur.store_donnees_elaborees() @37)
2016-04-04 17:15:04,696:INFO    :root                :HeraldNotify-25: Donnees aggregator : 2016-04-04 17:14:44 / 5.88528688136 / 5.33648360011 / A (aggregator.get_donnees_elaborees() @29)
2016-04-04 17:15:04,698:INFO    :root                :HeraldNotify-25: Donnees aggregator : 2016-04-04 17:14:44 / 5.88528688136 / 5.33648360011 / A (aggregator.send_donnees_elaborees() @34)
2016-04-04 17:15:04,698:INFO    :root                :HeraldNotify-25: Store de : 2016-04-04 17:14:44 / 5.88528688136 / 5.33648360011 / A (serveur.store_donnees_elaborees() @37)
2016-04-04 17:15:35,699:INFO    :root                :HeraldNotify-27: Donnees aggregator : 2016-04-04 17:15:07 / 5.93362272127 / 5.38183913592 / A (aggregator.get_donnees_elaborees() @29)
2016-04-04 17:15:35,700:INFO    :root                :HeraldNotify-27: Donnees aggregator : 2016-04-04 17:15:07 / 5.93362272127 / 5.38183913592 / A (aggregator.send_donnees_elaborees() @34)
2016-04-04 17:15:35,701:INFO    :root                :HeraldNotify-27: Store de : 2016-04-04 17:15:07 / 5.93362272127 / 5.38183913592 / A (serveur.store_donnees_elaborees() @37)
2016-04-04 17:18:05,225:INFO    :root                :HeraldNotify-34: Donnees aggregator : 2016-04-04 17:15:38 / 5.60536394034 / 5.31852352671 / A (aggregator.get_donnees_elaborees() @29)
2016-04-04 17:18:05,226:INFO    :root                :HeraldNotify-34: Donnees aggregator : 2016-04-04 17:15:38 / 5.60536394034 / 5.31852352671 / A (aggregator.send_donnees_elaborees() @34)
2016-04-04 17:18:05,226:INFO    :root                :HeraldNotify-34: Store de : 2016-04-04 17:15:38 / 5.60536394034 / 5.31852352671 / A (serveur.store_donnees_elaborees() @37)
2016-04-04 17:18:10,655:INFO    :root                :HeraldNotify-35: Donnees aggregator : 2016-04-04 17:18:08 / 5.51559738051 / 5.47868154673 / A (aggregator.get_donnees_elaborees() @29)
2016-04-04 17:18:10,655:INFO    :root                :HeraldNotify-35: Donnees aggregator : 2016-04-04 17:18:08 / 5.51559738051 / 5.47868154673 / A (aggregator.send_donnees_elaborees() @34)
2016-04-04 17:18:10,656:INFO    :root                :HeraldNotify-35: Store de : 2016-04-04 17:18:08 / 5.51559738051 / 5.47868154673 / A (serveur.store_donnees_elaborees() @37)
2016-04-04 17:18:32,813:INFO    :root                :HeraldNotify-38: Donnees aggregator : 2016-04-04 17:18:12 / 5.46354339907 / 5.41042709147 / R (aggregator.get_donnees_elaborees() @29)
2016-04-04 17:18:32,813:INFO    :root                :HeraldNotify-38: Donnees aggregator : 2016-04-04 17:18:12 / 5.46354339907 / 5.41042709147 / R (aggregator.send_donnees_elaborees() @34)
2016-04-04 17:18:32,813:INFO    :root                :HeraldNotify-38: Store de : 2016-04-04 17:18:12 / 5.46354339907 / 5.41042709147 / R (serveur.store_donnees_elaborees() @37)
2016-04-04 17:18:42,130:INFO    :root                :HeraldNotify-40: Donnees aggregator : 2016-04-04 17:18:36 / 5.55702810043 / 5.38873793254 / A (aggregator.get_donnees_elaborees() @29)
2016-04-04 17:18:42,130:INFO    :root                :HeraldNotify-40: Donnees aggregator : 2016-04-04 17:18:36 / 5.55702810043 / 5.38873793254 / A (aggregator.send_donnees_elaborees() @34)
2016-04-04 17:18:42,130:INFO    :root                :HeraldNotify-40: Store de : 2016-04-04 17:18:36 / 5.55702810043 / 5.38873793254 / A (serveur.store_donnees_elaborees() @37)
2016-04-04 17:19:01,683:INFO    :root                :HeraldNotify-41: Donnees aggregator : 2016-04-04 17:18:43 / 5.57561880809 / 5.41542627336 / A (aggregator.get_donnees_elaborees() @29)
2016-04-04 17:19:01,684:INFO    :root                :HeraldNotify-41: Donnees aggregator : 2016-04-04 17:18:43 / 5.57561880809 / 5.41542627336 / A (aggregator.send_donnees_elaborees() @34)
2016-04-04 17:19:01,684:INFO    :root                :HeraldNotify-41: Store de : 2016-04-04 17:18:43 / 5.57561880809 / 5.41542627336 / A (serveur.store_donnees_elaborees() @37)
2016-04-04 17:19:39,208:INFO    :root                :HeraldNotify-45: Donnees aggregator : 2016-04-04 17:19:04 / 5.66857234638 / 5.31304213552 / R (aggregator.get_donnees_elaborees() @29)
2016-04-04 17:19:39,209:INFO    :root                :HeraldNotify-45: Donnees aggregator : 2016-04-04 17:19:04 / 5.66857234638 / 5.31304213552 / R (aggregator.send_donnees_elaborees() @34)
2016-04-04 17:19:39,209:INFO    :root                :HeraldNotify-45: Store de : 2016-04-04 17:19:04 / 5.66857234638 / 5.31304213552 / R (serveur.store_donnees_elaborees() @37)
2016-04-04 17:19:44,551:INFO    :root                :HeraldNotify-46: Donnees aggregator : 2016-04-04 17:19:40 / 5.75462076468 / 5.54906065429 / A (aggregator.get_donnees_elaborees() @29)
2016-04-04 17:19:44,551:INFO    :root                :HeraldNotify-46: Donnees aggregator : 2016-04-04 17:19:40 / 5.75462076468 / 5.54906065429 / A (aggregator.send_donnees_elaborees() @34)
2016-04-04 17:19:44,552:INFO    :root                :HeraldNotify-46: Store de : 2016-04-04 17:19:40 / 5.75462076468 / 5.54906065429 / A (serveur.store_donnees_elaborees() @37)
2016-04-04 17:19:49,934:INFO    :root                :HeraldNotify-51: Donnees aggregator : 2016-04-04 17:19:46 / 5.72009516474 / 5.44083617757 / R (aggregator.get_donnees_elaborees() @29)
2016-04-04 17:19:49,935:INFO    :root                :HeraldNotify-51: Donnees aggregator : 2016-04-04 17:19:46 / 5.72009516474 / 5.44083617757 / R (aggregator.send_donnees_elaborees() @34)
2016-04-04 17:19:49,935:INFO    :root                :HeraldNotify-51: Store de : 2016-04-04 17:19:46 / 5.72009516474 / 5.44083617757 / R (serveur.store_donnees_elaborees() @37)
2016-04-04 17:19:56,317:INFO    :root                :HeraldNotify-52: Donnees aggregator : 2016-04-04 17:19:51 / 5.64201419258 / 5.55277879582 / A (aggregator.get_donnees_elaborees() @29)
2016-04-04 17:19:56,319:INFO    :root                :HeraldNotify-52: Donnees aggregator : 2016-04-04 17:19:51 / 5.64201419258 / 5.55277879582 / A (aggregator.send_donnees_elaborees() @34)
2016-04-04 17:19:56,319:INFO    :root                :HeraldNotify-52: Store de : 2016-04-04 17:19:51 / 5.64201419258 / 5.55277879582 / A (serveur.store_donnees_elaborees() @37)
2016-04-04 17:20:32,761:INFO    :root                :HeraldNotify-52: Donnees aggregator : 2016-04-04 17:19:58 / 5.68556956481 / 5.35168670425 / A (aggregator.get_donnees_elaborees() @29)
2016-04-04 17:20:32,761:INFO    :root                :HeraldNotify-52: Donnees aggregator : 2016-04-04 17:19:58 / 5.68556956481 / 5.35168670425 / A (aggregator.send_donnees_elaborees() @34)
2016-04-04 17:20:32,762:INFO    :root                :HeraldNotify-52: Store de : 2016-04-04 17:19:58 / 5.68556956481 / 5.35168670425 / A (serveur.store_donnees_elaborees() @37)
2016-04-04 17:20:41,685:WARNING :cohorte.monitor.agent:monitor-agent-stop: >>> Isolate will stop <<< (agent.stop() @102)
2016-04-04 17:20:41,850:WARNING :cohorte.monitor.agent:monitor-agent-stop: >>> STOPPING isolate <<< (agent.stop() @107)
2016-04-04 17:20:41,855:INFO    :interfaceutilisateur-factory.interfaceutilisateur:monitor-agent-stop: Component interfaceutilisateur invalidated (interfaceutilisateur.invalidate() @271)
2016-04-04 17:20:42,035:INFO    :apirest-factory.apirest:monitor-agent-stop: Component apirest invalidated (apirest.invalidate() @194)
2016-04-04 17:20:42,337:INFO    :root                :monitor-agent-stop: Aggregator Invalide (aggregator.stop() @22)
2016-04-04 17:20:42,572:INFO    :root                :monitor-agent-stop: Fermeture de la base (serveur.stop() @33)
2016-04-04 17:20:42,690:INFO    :cohorte.monitor.agent:monitor-agent-stop: Isolate agent invalidated (agent.invalidate() @169)
2016-04-04 17:20:43,116:INFO    :debug.agent         :Herald-Unbind  : Debug agent Gone (agent.invalidate() @501)
2016-04-04 17:20:43,179:INFO    :pelix-http-service  :monitor-agent-stop: Shutting down HTTP server: [0.0.0.0]:10000 ... (basic.log() @792)
2016-04-04 17:20:43,459:INFO    :pelix-http-service  :monitor-agent-stop: Waiting HTTP server ([0.0.0.0]:10000) thread to stop... (basic.log() @792)
2016-04-04 17:20:43,459:INFO    :pelix-http-service  :monitor-agent-stop: HTTP server down: [0.0.0.0]:10000 ... (basic.log() @792)
2016-04-04 17:20:43,464:INFO    :cohorte.debug.servlet:monitor-agent-stop: Debug servlet Gone (servlet.invalidate() @376)
2016-04-04 17:20:43,577:INFO    :pelix.shell.remote  :monitor-agent-stop: RemoteShell gone from port: 59357 (remote.invalidate() @390)
2016-04-04 17:20:43,578:INFO    :pelix.shell.core    :monitor-agent-stop: Shell services unregistered (core.stop() @838)
