2016-03-21 14:51:21,273:INFO    :root                :MainThread     : Root log configured. (boot.configure_logger() @476)
2016-03-21 14:51:21,352:INFO    :pelix.shell.core    :MainThread     : Shell services registered (core.start() @813)
2016-03-21 14:51:21,359:INFO    :pelix.shell.remote  :MainThread     : RemoteShell validated on port: 40332 (remote.validate() @373)
2016-03-21 14:51:21,359:INFO    :cohorte.debug.servlet:MainThread     : Debug servlet Ready (servlet.validate() @365)
2016-03-21 14:51:21,385:INFO    :pelix-http-service  :MainThread     : Starting HTTP server: [::]:0 ... (basic.log() @792)
2016-03-21 14:51:21,389:INFO    :pelix-http-service  :MainThread     : HTTP server started: [::]:41378 (basic.log() @792)
2016-03-21 14:51:21,392:INFO    :herald.core         :Herald-Bind    : No peer in group all (core.fire_group() @706)
2016-03-21 14:51:21,392:INFO    :debug.agent         :Herald-Bind    : Debug agent Ready (agent.validate() @490)
2016-03-21 14:51:21,394:INFO    :cohorte.monitor.agent:Herald-Bind    : Isolate agent validated (agent.validate() @152)
2016-03-21 14:51:21,413:INFO    :cohorte.monitor.agent:HttpService-41378-Client-('::ffff:192.168.43.38', 46080, 0, 0): Monitors notified of isolate readiness (agent.peer_registered() @126)
2016-03-21 14:51:21,457:INFO    :python_sensor_2.speed_2:HeraldNotify-0 : Component PythonSensor validated (speed_2.validate() @124)
2016-03-21 14:51:21,521:INFO    :python_sensor_2.speed_2:HeraldNotify-0 : Component PythonSensor2 validated (speed_2.validate() @124)
2016-03-21 14:55:42,880:WARNING :cohorte.monitor.agent:monitor-agent-stop: >>> Isolate will stop <<< (agent.stop() @102)
2016-03-21 14:55:42,895:WARNING :cohorte.monitor.agent:monitor-agent-stop: >>> STOPPING isolate <<< (agent.stop() @107)
2016-03-21 14:55:42,904:INFO    :python_sensor_2.speed_2:monitor-agent-stop: Component PythonSensor2 invalidated (speed_2.invalidate() @133)
2016-03-21 14:55:42,912:INFO    :python_sensor_2.speed_2:monitor-agent-stop: Component PythonSensor invalidated (speed_2.invalidate() @133)
2016-03-21 14:55:42,920:INFO    :cohorte.monitor.agent:monitor-agent-stop: Isolate agent invalidated (agent.invalidate() @169)
2016-03-21 14:55:42,922:INFO    :debug.agent         :Herald-Unbind  : Debug agent Gone (agent.invalidate() @501)
2016-03-21 14:55:43,236:INFO    :pelix-http-service  :monitor-agent-stop: Shutting down HTTP server: [::]:41378 ... (basic.log() @792)
2016-03-21 14:55:43,439:INFO    :pelix-http-service  :monitor-agent-stop: Waiting HTTP server ([::]:41378) thread to stop... (basic.log() @792)
2016-03-21 14:55:43,439:INFO    :pelix-http-service  :monitor-agent-stop: HTTP server down: [::]:41378 ... (basic.log() @792)
2016-03-21 14:55:43,441:INFO    :cohorte.debug.servlet:monitor-agent-stop: Debug servlet Gone (servlet.invalidate() @376)
2016-03-21 14:55:43,640:INFO    :pelix.shell.remote  :monitor-agent-stop: RemoteShell gone from port: 40332 (remote.invalidate() @390)
2016-03-21 14:55:43,641:INFO    :pelix.shell.core    :monitor-agent-stop: Shell services unregistered (core.stop() @838)
