
   _____ ____  _    _  ____  _____ _______ ______
  / ____/ __ \| |  | |/ __ \|  __ \__   __|  ____|
 | |   | |  | | |__| | |  | | |__) | | |  | |__
 | |   | |  | |  __  | |  | |  _  /  | |  |  __|
 | |___| |__| | |  | | |__| | | \ \  | |  | |____
  \_____\____/|_|  |_|\____/|_|  \_\ |_|  |______|


     APPLICATION ID : speed
          NODE NAME : gateway-node
         TRANSPORTS : http

       TOP COMPOSER : True

          HTTP PORT : 9000
         SHELL PORT : 9001

   COMPOSITION FILE : composition.js
         AUTO START : True


       COHORTE HOME : /opt/islandlatech/cohorte/cohorte-1.1.1
       COHORTE BASE : /home/quego/Documents/HTML/gateway-node
       COHORTE DATA : /home/quego/Documents/HTML/gateway-node/data
 PYTHON INTERPRETER : python
           LOG FILE : /home/quego/Documents/HTML/gateway-node/var/forker.log

2016-03-21 14:50:42,075:INFO    :root                :MainThread     : Root log configured. (boot.configure_logger() @476)
2016-03-21 14:50:42,089:INFO    :cohorte.boot.loaders.forker:MainThread     : Loading a forker with the following properties:
* Home.....: /opt/islandlatech/cohorte/cohorte-1.1.1
* Base.....: /home/quego/Documents/HTML/gateway-node
* Node UID.: aac8ebcb-5937-484f-a7c1-69b4a3bc8ac6
* Node Name: gateway-node
* Node Data: /home/quego/Documents/HTML/gateway-node/data
* UID......: e039b05c-f2df-4faa-b5e6-755b30ac560e (forker.load() @253)
2016-03-21 14:50:42,166:INFO    :pelix.shell.core    :MainThread     : Shell services registered (core.start() @813)
2016-03-21 14:50:42,187:INFO    :pelix-http-service  :MainThread     : Starting HTTP server: [::]:9000 ... (basic.log() @792)
2016-03-21 14:50:42,190:INFO    :pelix-http-service  :MainThread     : HTTP server started: [::]:9000 (basic.log() @792)
2016-03-21 14:50:42,193:INFO    :pelix.shell.remote  :MainThread     : RemoteShell validated on port: 9001 (remote.validate() @373)
2016-03-21 14:50:42,194:INFO    :herald.core         :Herald-Bind    : No peer in group all (core.fire_group() @706)
2016-03-21 14:50:42,195:INFO    :proxy.proxy         :Herald-Bind    : HTTP Service Proxy validated (proxy.validate() @245)
2016-03-21 14:50:42,195:INFO    :proxy.proxy         :Herald-Bind    : Bound to / (proxy.bound_to() @260)
2016-03-21 14:50:42,196:INFO    :cohorte.debug.servlet:MainThread     : Debug servlet Ready (servlet.validate() @365)
2016-03-21 14:50:42,197:INFO    :debug.agent         :MainThread     : Debug agent Ready (agent.validate() @490)
2016-03-21 14:50:42,199:INFO    :cohorte.monitor.status:MainThread     : Monitor status validated (status.validate() @187)
2016-03-21 14:50:42,272:INFO    :cohorte.repositories.python.modules:MainThread     : Loading repository from file system... (modules.validate() @621)
2016-03-21 14:50:42,701:INFO    :cohorte.monitor.basic:Thread-2       : Monitor core validated (basic.validate() @485)
2016-03-21 14:50:42,944:INFO    :debug.debug         :Top-Composer-Loader: Debug REST API validated (api.validate() @474)
2016-03-21 14:50:42,944:INFO    :debug.debug         :Top-Composer-Loader: Bound to /debug (api.bound_to() @487)
2016-03-21 14:50:42,946:INFO    :webadmin.webadmin   :Top-Composer-Loader: Webadmin validated (webadmin.validate() @1060)
2016-03-21 14:50:42,946:INFO    :webadmin.webadmin   :Top-Composer-Loader: Bound to /webadmin (webadmin.bound_to() @1076)
2016-03-21 14:50:42,947:INFO    :cohorte.composer.top.composer:Top-Composer-Loader: Auto-start composition: True (composer.validate() @122)
2016-03-21 14:50:42,961:INFO    :cohorte.composer.top.composer:Top-Composer-Loader: Loading composition... (composer.validate() @129)
2016-03-21 14:50:42,961:INFO    :cohorte.composer.top.composer:Top-Composer-Loader: Started composition: speed -> 7b287162-f7c4-4389-9357-7bf8533b8730 (composer.validate() @132)
2016-03-21 14:50:42,962:INFO    :cohorte.composer.node.top_store:Top-Composer-Loader: Storing top composition 7b287162-f7c4-4389-9357-7bf8533b8730 (top_store.store() @114)
2016-03-21 14:50:48,600:INFO    :cohorte.composer.node.criteria.distance.history:iPOPO-repository-loader: Using neutral candidate for Aggregator (history.vote() @215)
2016-03-21 14:50:48,600:INFO    :cohorte.composer.node.criteria.distance.history:iPOPO-repository-loader: Vote preference for UserInterface: Neutral (history.vote() @207)
2016-03-21 14:50:48,600:INFO    :cohorte.composer.node.criteria.distance.history:iPOPO-repository-loader: Vote preference for UserInterfaceList: web.interface (history.vote() @207)
2016-03-21 14:50:48,601:INFO    :cohorte.composer.node.history:iPOPO-repository-loader: Node composer stored in history:
{u'web.interface': (u'Aggregator', u'UserInterface', u'UserInterfaceList')} (history.store() @120)
2016-03-21 14:50:48,601:INFO    :herald.core         :iPOPO-repository-loader: No peer in group all (core.fire_group() @706)
2016-03-21 14:52:48,617:INFO    :cohorte.composer.node.criteria.distance.history:Thread-3       : Vote preference for Aggregator: web.interface (history.vote() @207)
2016-03-21 14:52:48,618:INFO    :cohorte.composer.node.criteria.distance.history:Thread-3       : Vote preference for UserInterfaceList: web.interface (history.vote() @207)
2016-03-21 14:54:48,672:INFO    :cohorte.composer.node.criteria.distance.history:Thread-4       : Vote preference for Aggregator: web.interface (history.vote() @207)
2016-03-21 14:54:48,673:INFO    :cohorte.composer.node.criteria.distance.history:Thread-4       : Vote preference for UserInterfaceList: web.interface (history.vote() @207)
2016-03-21 14:55:42,850:CRITICAL:cohorte.monitor.basic:platform-stop  : >>> PLATFORM STOPPING <<< (basic._stop_platform() @401)
2016-03-21 14:55:42,884:INFO    :cohorte.forker.starters.cohorte_boot:platform-stop  : Waiting for isolate c9a3067e-c185-4898-91ec-3206672a559f (PID: 2997) to stop... (cohorte_boot.stop() @238)
2016-03-21 14:55:44,270:INFO    :herald.core         :HttpService-9000-Client-('::1', 51849, 0, 0): Error using transport http: 404 Client Error: Not Found for url: http://[::ffff:192.168.43.38]:10000/herald (core.fire() @681)
2016-03-21 14:55:44,271:INFO    :herald.core         :HttpService-9000-Client-('::1', 51853, 0, 0): Error using transport http: 404 Client Error: Not Found for url: http://[::ffff:192.168.43.38]:10000/herald (core.fire() @681)
2016-03-21 14:55:44,272:INFO    :herald.core         :HttpService-9000-Client-('::1', 51851, 0, 0): Error using transport http: 404 Client Error: Not Found for url: http://[::ffff:192.168.43.38]:10000/herald (core.fire() @681)
2016-03-21 14:55:44,661:INFO    :cohorte.forker.starters.cohorte_boot:platform-stop  : Isolate stopped: c9a3067e-c185-4898-91ec-3206672a559f (2997) (cohorte_boot.stop() @240)
2016-03-21 14:55:44,662:INFO    :cohorte.forker.basic:platform-stop  : Sending 'forker stopping' signal. (basic._send_stopping() @356)
2016-03-21 14:55:44,727:INFO    :webadmin.webadmin   :platform-stop  : Unbound from /webadmin (webadmin.unbound_from() @1083)
2016-03-21 14:55:44,727:INFO    :webadmin.webadmin   :platform-stop  : Webadmin invalidated (webadmin.invalidate() @1069)
2016-03-21 14:55:44,727:INFO    :debug.debug         :platform-stop  : Unbound from /debug (api.unbound_from() @494)
2016-03-21 14:55:44,728:INFO    :debug.debug         :platform-stop  : Debug REST API invalidated (api.invalidate() @480)
2016-03-21 14:55:44,730:INFO    :proxy.proxy         :platform-stop  : Unbound from / (proxy.unbound_from() @267)
2016-03-21 14:55:44,730:INFO    :proxy.proxy         :platform-stop  : HTTP Service Proxy invalidated (proxy.invalidate() @253)
2016-03-21 14:55:44,797:INFO    :cohorte.monitor.basic:platform-stop  : Monitor core invalidated (basic.invalidate() @511)
2016-03-21 14:55:44,798:INFO    :cohorte.monitor.status:platform-stop  : Monitor status invalidated (status.invalidate() @196)
2016-03-21 14:55:44,799:INFO    :cohorte.forker.basic:platform-stop  : Forker invalidated (basic._invalidate() @438)
2016-03-21 14:55:44,835:INFO    :debug.agent         :platform-stop  : Debug agent Gone (agent.invalidate() @501)
2016-03-21 14:55:44,835:INFO    :cohorte.debug.servlet:platform-stop  : Debug servlet Gone (servlet.invalidate() @376)
2016-03-21 14:55:45,027:INFO    :pelix.shell.remote  :platform-stop  : RemoteShell gone from port: 9001 (remote.invalidate() @390)
2016-03-21 14:55:45,028:INFO    :pelix.shell.core    :platform-stop  : Shell services unregistered (core.stop() @838)
2016-03-21 14:55:45,288:INFO    :pelix-http-service  :platform-stop  : Shutting down HTTP server: [::]:9000 ... (basic.log() @792)
2016-03-21 14:55:45,697:INFO    :pelix-http-service  :platform-stop  : Waiting HTTP server ([::]:9000) thread to stop... (basic.log() @792)
2016-03-21 14:55:45,698:INFO    :pelix-http-service  :platform-stop  : HTTP server down: [::]:9000 ... (basic.log() @792)
